<?xml version="1.0" encoding="utf-8"?><testsuites name="pytest tests"><testsuite name="pytest" errors="0" failures="0" skipped="0" tests="8" time="28.882" timestamp="2026-04-07T08:04:15.832595+00:00" hostname="DELL"><testcase classname="tests.automation.test_admin" name="test_tc26_admin_can_create_user_and_queue_welcome_email" time="2.414" /><testcase classname="tests.automation.test_admin" name="test_tc28_statistics_page_reports_at_least_100_users" time="5.258" /><testcase classname="tests.automation.test_auth" name="test_tc01_login_redirects_to_dashboard" time="2.178" /><testcase classname="tests.automation.test_batches_programs" name="test_tc21_enrolled_student_can_access_live_class_join_link" time="2.245" /><testcase classname="tests.automation.test_batches_programs" name="test_tc24_fast_learner_badge_is_assigned_on_course_completion" time="0.720" /><testcase classname="tests.automation.test_batches_programs" name="test_tc34_student_can_post_a_comment_in_batch_discussions" time="3.696" /><testcase classname="tests.automation.test_ui_misc" name="test_tc29_homepage_renders_cleanly_on_iphone_13_viewport" time="2.608" /><testcase classname="tests.automation.test_ui_misc" name="test_tc53_sidebar_navigation_opens_core_lms_sections" time="9.718" /></testsuite></testsuites>