<?xml version="1.0" encoding="utf-8"?><testsuites name="pytest tests"><testsuite name="pytest" errors="0" failures="0" skipped="0" tests="10" time="75.852" timestamp="2026-04-07T08:15:21.102808+00:00" hostname="DELL"><testcase classname="tests.automation.test_ui_phase2_assessments" name="test_ui26_quiz_first_attempt_is_recorded" time="25.169" /><testcase classname="tests.automation.test_ui_phase2_assessments" name="test_ui27_quiz_blocks_after_maximum_attempts" time="3.434" /><testcase classname="tests.automation.test_ui_phase2_assessments" name="test_ui28_quiz_score_summary_shows_eighty_percent" time="7.362" /><testcase classname="tests.automation.test_ui_phase2_assessments" name="test_ui29_assignment_accepts_pdf_upload" time="6.591" /><testcase classname="tests.automation.test_ui_phase2_assessments" name="test_ui30_assignment_rejects_exe_upload" time="4.379" /><testcase classname="tests.automation.test_ui_phase2_learning" name="test_ui21_student_can_enroll_in_free_course" time="8.425" /><testcase classname="tests.automation.test_ui_phase2_learning" name="test_ui22_lesson_page_auto_updates_progress_for_enrolled_student" time="5.695" /><testcase classname="tests.automation.test_ui_phase2_learning" name="test_ui23_completed_student_sees_certificate_button" time="2.801" /><testcase classname="tests.automation.test_ui_phase2_notifications" name="test_ui24_notification_list_shows_backend_created_unread_item" time="4.699" /><testcase classname="tests.automation.test_ui_phase2_notifications" name="test_ui25_notification_can_move_from_unread_to_read" time="7.157" /></testsuite></testsuites>