<?xml version="1.0" encoding="utf-8"?><testsuites name="pytest tests"><testsuite name="pytest" errors="0" failures="0" skipped="0" tests="10" time="29.731" timestamp="2026-04-07T07:58:05.620191+00:00" hostname="DELL"><testcase classname="tests.automation.test_ui_phase1_e2e" name="test_ui01_login_page_renders_core_controls" time="2.134" /><testcase classname="tests.automation.test_ui_phase1_e2e" name="test_ui02_admin_can_enter_lms_and_see_core_sidebar" time="2.545" /><testcase classname="tests.automation.test_ui_phase1_e2e" name="test_ui03_sidebar_opens_courses_page" time="2.355" /><testcase classname="tests.automation.test_ui_phase1_e2e" name="test_ui04_sidebar_opens_programs_page" time="2.650" /><testcase classname="tests.automation.test_ui_phase1_e2e" name="test_ui05_sidebar_opens_batches_page" time="2.749" /><testcase classname="tests.automation.test_ui_phase1_e2e" name="test_ui06_sidebar_opens_search_page" time="2.980" /><testcase classname="tests.automation.test_ui_phase1_e2e" name="test_ui07_sidebar_opens_notifications_page" time="3.175" /><testcase classname="tests.automation.test_ui_phase1_e2e" name="test_ui08_sidebar_opens_statistics_page" time="3.053" /><testcase classname="tests.automation.test_ui_phase1_e2e" name="test_ui09_user_menu_can_toggle_theme" time="2.831" /><testcase classname="tests.automation.test_ui_phase1_e2e" name="test_ui10_user_can_log_out_from_user_menu" time="5.202" /></testsuite></testsuites>